Escaped mutants:
================

1) /home/philipphermes/phpProjects/MVC/src/Controller/Backend/CategoryDetail.php:54    [M] Concat

--- Original
+++ New
@@ @@
                 $mappedCategory = $this->categoryMapper->map(['CategoryName' => $editCategoryName, 'CategoryID' => $category->id]);
                 $this->categoryEntityManager->update($mappedCategory);
                 $_POST = [];
-                $this->redirect->redirect('index.php?area=Admin&page=CategoryDetail&categoryID=' . $category->id);
+                $this->redirect->redirect($category->id . 'index.php?area=Admin&page=CategoryDetail&categoryID=');
             }
         } elseif (isset($_POST['deleteCategory'])) {
             $this->categoryEntityManager->delete($category->id);


2) /home/philipphermes/phpProjects/MVC/src/Controller/Backend/CategoryDetail.php:54    [M] ConcatOperandRemoval

--- Original
+++ New
@@ @@
                 $mappedCategory = $this->categoryMapper->map(['CategoryName' => $editCategoryName, 'CategoryID' => $category->id]);
                 $this->categoryEntityManager->update($mappedCategory);
                 $_POST = [];
-                $this->redirect->redirect('index.php?area=Admin&page=CategoryDetail&categoryID=' . $category->id);
+                $this->redirect->redirect($category->id);
             }
         } elseif (isset($_POST['deleteCategory'])) {
             $this->categoryEntityManager->delete($category->id);


3) /home/philipphermes/phpProjects/MVC/src/Controller/Backend/CategoryDetail.php:54    [M] ConcatOperandRemoval

--- Original
+++ New
@@ @@
                 $mappedCategory = $this->categoryMapper->map(['CategoryName' => $editCategoryName, 'CategoryID' => $category->id]);
                 $this->categoryEntityManager->update($mappedCategory);
                 $_POST = [];
-                $this->redirect->redirect('index.php?area=Admin&page=CategoryDetail&categoryID=' . $category->id);
+                $this->redirect->redirect('index.php?area=Admin&page=CategoryDetail&categoryID=');
             }
         } elseif (isset($_POST['deleteCategory'])) {
             $this->categoryEntityManager->delete($category->id);


4) /home/philipphermes/phpProjects/MVC/src/Controller/Backend/CategoryDetail.php:54    [M] MethodCallRemoval

--- Original
+++ New
@@ @@
                 $mappedCategory = $this->categoryMapper->map(['CategoryName' => $editCategoryName, 'CategoryID' => $category->id]);
                 $this->categoryEntityManager->update($mappedCategory);
                 $_POST = [];
-                $this->redirect->redirect('index.php?area=Admin&page=CategoryDetail&categoryID=' . $category->id);
+                
             }
         } elseif (isset($_POST['deleteCategory'])) {
             $this->categoryEntityManager->delete($category->id);


5) /home/philipphermes/phpProjects/MVC/src/Controller/Backend/ProductDetail.php:37    [M] Coalesce

--- Original
+++ New
@@ @@
     public function action() : void
     {
         $editProduct = [];
-        $categoryID = $_GET['categoryID'] ?? null;
+        $categoryID = null ?? $_GET['categoryID'];
         $product = $this->productRepository->getByID((int) $_GET['productID']);
         if ($categoryID === null) {
             $this->redirect->redirect('index.php?area=Admin&page=Category');


6) /home/philipphermes/phpProjects/MVC/src/Controller/Backend/ProductDetail.php:47    [M] Identical

--- Original
+++ New
@@ @@
             $this->redirect->redirect('index.php?area=Admin&page=CategoryDetail&categoryID=' . $categoryID);
         }
         if (isset($_POST['updateProduct'])) {
-            if (!isset($_POST["editProductName"]) || $_POST["editProductName"] === '') {
+            if (!isset($_POST["editProductName"]) || $_POST["editProductName"] !== '') {
                 $editProduct['name'] = '';
                 $editProduct['description'] = '';
                 $this->viewInterface->addTlpParam('error', 'Product name musst be given');


7) /home/philipphermes/phpProjects/MVC/src/Controller/Backend/ProductDetail.php:55    [M] Concat

--- Original
+++ New
@@ @@
                 $mappedProduct = $this->productMapper->map(['ProductID' => $product->id, 'ProductName' => $_POST["editProductName"], 'ProductDescription' => $_POST["editProductDescription"]]);
                 $this->productEntityManager->update($mappedProduct);
                 $_POST = [];
-                $this->redirect->redirect('index.php?area=Admin&page=ProductDetail&categoryID=' . $categoryID . '&productID=' . $product->id);
+                $this->redirect->redirect($categoryID . 'index.php?area=Admin&page=ProductDetail&categoryID=' . '&productID=' . $product->id);
             }
         } elseif (isset($_POST['deleteProduct'])) {
             $this->productEntityManager->delete($product->id);


8) /home/philipphermes/phpProjects/MVC/src/Controller/Backend/ProductDetail.php:55    [M] ConcatOperandRemoval

--- Original
+++ New
@@ @@
                 $mappedProduct = $this->productMapper->map(['ProductID' => $product->id, 'ProductName' => $_POST["editProductName"], 'ProductDescription' => $_POST["editProductDescription"]]);
                 $this->productEntityManager->update($mappedProduct);
                 $_POST = [];
-                $this->redirect->redirect('index.php?area=Admin&page=ProductDetail&categoryID=' . $categoryID . '&productID=' . $product->id);
+                $this->redirect->redirect($categoryID . '&productID=' . $product->id);
             }
         } elseif (isset($_POST['deleteProduct'])) {
             $this->productEntityManager->delete($product->id);


9) /home/philipphermes/phpProjects/MVC/src/Controller/Backend/ProductDetail.php:55    [M] ConcatOperandRemoval

--- Original
+++ New
@@ @@
                 $mappedProduct = $this->productMapper->map(['ProductID' => $product->id, 'ProductName' => $_POST["editProductName"], 'ProductDescription' => $_POST["editProductDescription"]]);
                 $this->productEntityManager->update($mappedProduct);
                 $_POST = [];
-                $this->redirect->redirect('index.php?area=Admin&page=ProductDetail&categoryID=' . $categoryID . '&productID=' . $product->id);
+                $this->redirect->redirect('index.php?area=Admin&page=ProductDetail&categoryID=' . '&productID=' . $product->id);
             }
         } elseif (isset($_POST['deleteProduct'])) {
             $this->productEntityManager->delete($product->id);


10) /home/philipphermes/phpProjects/MVC/src/Controller/Backend/ProductDetail.php:55    [M] Concat

--- Original
+++ New
@@ @@
                 $mappedProduct = $this->productMapper->map(['ProductID' => $product->id, 'ProductName' => $_POST["editProductName"], 'ProductDescription' => $_POST["editProductDescription"]]);
                 $this->productEntityManager->update($mappedProduct);
                 $_POST = [];
-                $this->redirect->redirect('index.php?area=Admin&page=ProductDetail&categoryID=' . $categoryID . '&productID=' . $product->id);
+                $this->redirect->redirect('index.php?area=Admin&page=ProductDetail&categoryID=' . '&productID=' . $categoryID . $product->id);
             }
         } elseif (isset($_POST['deleteProduct'])) {
             $this->productEntityManager->delete($product->id);


11) /home/philipphermes/phpProjects/MVC/src/Controller/Backend/ProductDetail.php:55    [M] ConcatOperandRemoval

--- Original
+++ New
@@ @@
                 $mappedProduct = $this->productMapper->map(['ProductID' => $product->id, 'ProductName' => $_POST["editProductName"], 'ProductDescription' => $_POST["editProductDescription"]]);
                 $this->productEntityManager->update($mappedProduct);
                 $_POST = [];
-                $this->redirect->redirect('index.php?area=Admin&page=ProductDetail&categoryID=' . $categoryID . '&productID=' . $product->id);
+                $this->redirect->redirect('index.php?area=Admin&page=ProductDetail&categoryID=' . $categoryID . $product->id);
             }
         } elseif (isset($_POST['deleteProduct'])) {
             $this->productEntityManager->delete($product->id);


12) /home/philipphermes/phpProjects/MVC/src/Controller/Backend/ProductDetail.php:55    [M] Concat

--- Original
+++ New
@@ @@
                 $mappedProduct = $this->productMapper->map(['ProductID' => $product->id, 'ProductName' => $_POST["editProductName"], 'ProductDescription' => $_POST["editProductDescription"]]);
                 $this->productEntityManager->update($mappedProduct);
                 $_POST = [];
-                $this->redirect->redirect('index.php?area=Admin&page=ProductDetail&categoryID=' . $categoryID . '&productID=' . $product->id);
+                $this->redirect->redirect('index.php?area=Admin&page=ProductDetail&categoryID=' . $categoryID . $product->id . '&productID=');
             }
         } elseif (isset($_POST['deleteProduct'])) {
             $this->productEntityManager->delete($product->id);


13) /home/philipphermes/phpProjects/MVC/src/Controller/Backend/ProductDetail.php:55    [M] ConcatOperandRemoval

--- Original
+++ New
@@ @@
                 $mappedProduct = $this->productMapper->map(['ProductID' => $product->id, 'ProductName' => $_POST["editProductName"], 'ProductDescription' => $_POST["editProductDescription"]]);
                 $this->productEntityManager->update($mappedProduct);
                 $_POST = [];
-                $this->redirect->redirect('index.php?area=Admin&page=ProductDetail&categoryID=' . $categoryID . '&productID=' . $product->id);
+                $this->redirect->redirect('index.php?area=Admin&page=ProductDetail&categoryID=' . $categoryID . '&productID=');
             }
         } elseif (isset($_POST['deleteProduct'])) {
             $this->productEntityManager->delete($product->id);


14) /home/philipphermes/phpProjects/MVC/src/Controller/Backend/ProductDetail.php:55    [M] MethodCallRemoval

--- Original
+++ New
@@ @@
                 $mappedProduct = $this->productMapper->map(['ProductID' => $product->id, 'ProductName' => $_POST["editProductName"], 'ProductDescription' => $_POST["editProductDescription"]]);
                 $this->productEntityManager->update($mappedProduct);
                 $_POST = [];
-                $this->redirect->redirect('index.php?area=Admin&page=ProductDetail&categoryID=' . $categoryID . '&productID=' . $product->id);
+                
             }
         } elseif (isset($_POST['deleteProduct'])) {
             $this->productEntityManager->delete($product->id);


15) /home/philipphermes/phpProjects/MVC/src/Core/UserValidation.php:32    [M] ArrayOneItem

--- Original
+++ New
@@ @@
         if (empty($errors)) {
             $getByUsername = $this->userRepository->getByUsername($username);
             if ($getByUsername !== null && $username === $getByUsername->username && $password === $getByUsername->password) {
-                return $errors;
+                return count($errors) > 1 ? array_slice($errors, 0, 1, true) : $errors;
             } else {
                 $errors[] = "Password and User don't match";
             }


16) /home/philipphermes/phpProjects/MVC/src/Model/Database.php:34    [M] MethodCallRemoval

--- Original
+++ New
@@ @@
         try {
             $dsn = "mysql:host=" . $this->dbSettings['server'] . ";dbname=" . $this->dbSettings['database'] . ";charset=" . $this->dbSettings['charset'];
             $this->connection = new \PDO($dsn, $this->dbSettings['user'], $this->dbSettings['password']);
-            $this->connection->setAttribute(\PDO::ATTR_ERRMODE, \PDO::ERRMODE_EXCEPTION);
+            
         } catch (\PDOException $error) {
             throw new \PDOException("Connection failed: " . $error->getMessage());
         }


Timed Out mutants:
==================

Skipped mutants:
================
